[Pipeline] Start of Pipeline
[Pipeline] node
Running on Jenkins agent-01 in /var/lib/jenkins/workspace/workspace1
[Pipeline] {
[Pipeline] stage
[Pipeline] { (Declarative: Checkout SCM)
[Pipeline] checkout
08:23:15 Cloning the remote Git repository
08:23:15 Cloning repository https://github.com/company/project1.git
08:23:16 > git init /var/lib/jenkins/workspace/workspace1
08:23:16 Fetching upstream changes from https://github.com/company/project1.git
08:23:16 > git --version
08:23:16 > git fetch --tags --progress https://github.com/company/project1.git +refs/heads/*:refs/remotes/origin/*
08:23:17 > git config remote.origin.url https://github.com/company/project1.git
08:23:17 > git config --add remote.origin.fetch +refs/heads/*:refs/remotes/origin/*
08:23:17 > git config remote.origin.url https://github.com/company/project1.git
08:23:18 Fetching upstream changes from https://github.com/company/project1.git
08:23:18 > git fetch --tags --progress https://github.com/company/project1.git +refs/heads/*:refs/remotes/origin/*
08:23:19 Checking out Revision 8f7a3c2d9e1b4a6f5c8d7e9f0a1b2c3d4e5f6a7b (refs/remotes/origin/main)
08:23:19 > git config core.sparsecheckout
08:23:19 > git checkout -f 8f7a3c2d9e1b4a6f5c8d7e9f0a1b2c3d4e5f6a7b
08:23:20 Commit message: "Updated build configuration and dependencies"
[Pipeline] }
[Pipeline] // stage
[Pipeline] stage
[Pipeline] { (Build)
08:23:21 [INFO] Scanning for projects...
08:23:21 [INFO] ------------------------------------------------------------------------
08:23:21 [INFO] Building project1 1.2.5-SNAPSHOT
08:23:21 [INFO] ------------------------------------------------------------------------
08:23:22 [INFO] --- maven-clean-plugin:3.1.0:clean (default-clean) @ project1 ---
08:23:22 [INFO] Deleting /var/lib/jenkins/workspace/workspace1/target
08:23:23 [INFO] --- maven-resources-plugin:3.2.0:resources (default-resources) @ project1 ---
08:23:23 [INFO] Using 'UTF-8' encoding to copy filtered resources.
08:23:23 [INFO] Copying 45 resources
08:23:24 [INFO] Copying 12 resources
08:23:24 [INFO] --- maven-compiler-plugin:3.8.1:compile (default-compile) @ project1 ---
08:23:25 [INFO] Changes detected - recompiling the module!
08:23:25 [INFO] Compiling 156 source files to /var/lib/jenkins/workspace/workspace1/target/classes
08:23:26 [INFO] /var/lib/jenkins/workspace/workspace1/src/main/java/com/company/util/StringUtils.java: Some input files use unchecked or unsafe operations.
08:23:26 [INFO] /var/lib/jenkins/workspace/workspace1/src/main/java/com/company/util/StringUtils.java: Recompile with -Xlint:unchecked for details.
08:23:35 [INFO] --- maven-resources-plugin:3.2.0:testResources (default-testResources) @ project1 ---
08:23:35 [INFO] Using 'UTF-8' encoding to copy filtered resources.
08:23:35 [INFO] Copying 23 resources
08:23:36 [INFO] --- maven-compiler-plugin:3.8.1:testCompile (default-testCompile) @ project1 ---
08:23:36 [INFO] Changes detected - recompiling the module!
08:23:36 [INFO] Compiling 89 source files to /var/lib/jenkins/workspace/workspace1/target/test-classes
08:23:42 [INFO] --- maven-surefire-plugin:2.22.2:test (default-test) @ project1 ---
08:23:43 [INFO] -------------------------------------------------------
08:23:43 [INFO]  T E S T S
08:23:43 [INFO] -------------------------------------------------------
08:23:44 [INFO] Running com.company.service.UserServiceTest
08:23:45 [INFO] Tests run: 12, Failures: 0, Errors: 0, Skipped: 0, Time elapsed: 1.234 s - in com.company.service.UserServiceTest
08:23:45 [INFO] Running com.company.service.AuthenticationServiceTest
08:23:46 [INFO] Tests run: 8, Failures: 0, Errors: 0, Skipped: 0, Time elapsed: 0.892 s - in com.company.service.AuthenticationServiceTest
08:23:46 [INFO] Running com.company.repository.UserRepositoryTest
08:23:47 [INFO] Tests run: 15, Failures: 0, Errors: 0, Skipped: 0, Time elapsed: 1.456 s - in com.company.repository.UserRepositoryTest
08:23:47 [INFO] Running com.company.controller.UserControllerTest
08:23:48 [INFO] Tests run: 18, Failures: 0, Errors: 0, Skipped: 0, Time elapsed: 1.123 s - in com.company.controller.UserControllerTest
08:23:48 [INFO] Running com.company.controller.AuthControllerTest
08:23:49 [INFO] Tests run: 10, Failures: 0, Errors: 0, Skipped: 0, Time elapsed: 0.945 s - in com.company.controller.AuthControllerTest
08:23:49 [INFO] Running com.company.util.StringUtilsTest
08:23:50 [INFO] Tests run: 22, Failures: 0, Errors: 0, Skipped: 0, Time elapsed: 0.678 s - in com.company.util.StringUtilsTest
08:23:50 [INFO] Running com.company.util.DateUtilsTest
08:23:51 [INFO] Tests run: 16, Failures: 0, Errors: 0, Skipped: 0, Time elapsed: 0.734 s - in com.company.util.DateUtilsTest
08:23:51 [INFO] Running com.company.validator.EmailValidatorTest
08:23:52 [INFO] Tests run: 9, Failures: 0, Errors: 0, Skipped: 0, Time elapsed: 0.512 s - in com.company.validator.EmailValidatorTest
08:23:52 [INFO] Running com.company.validator.PasswordValidatorTest
08:23:53 [INFO] Tests run: 11, Failures: 0, Errors: 0, Skipped: 0, Time elapsed: 0.623 s - in com.company.validator.PasswordValidatorTest
08:23:53 [INFO] Running com.company.security.JwtTokenProviderTest
08:23:54 [INFO] Tests run: 14, Failures: 0, Errors: 0, Skipped: 0, Time elapsed: 1.234 s - in com.company.security.JwtTokenProviderTest
08:23:54 [INFO] Running com.company.security.SecurityConfigTest
08:23:55 [INFO] Tests run: 7, Failures: 0, Errors: 0, Skipped: 0, Time elapsed: 0.891 s - in com.company.security.SecurityConfigTest
08:23:55 [INFO] Running com.company.integration.UserIntegrationTest
08:23:58 [INFO] Tests run: 20, Failures: 0, Errors: 0, Skipped: 0, Time elapsed: 2.876 s - in com.company.integration.UserIntegrationTest
08:23:58 [INFO] Running com.company.integration.AuthIntegrationTest
08:24:01 [INFO] Tests run: 13, Failures: 0, Errors: 0, Skipped: 0, Time elapsed: 2.456 s - in com.company.integration.AuthIntegrationTest
08:24:01 [INFO] 
08:24:01 [INFO] Results:
08:24:01 [INFO] 
08:24:01 [INFO] Tests run: 175, Failures: 0, Errors: 0, Skipped: 0
08:24:01 [INFO] 
08:24:02 [INFO] --- maven-jar-plugin:3.2.0:jar (default-jar) @ project1 ---
08:24:02 [INFO] Building jar: /var/lib/jenkins/workspace/workspace1/target/project1-1.2.5-SNAPSHOT.jar
08:24:03 [INFO] --- spring-boot-maven-plugin:2.5.4:repackage (repackage) @ project1 ---
08:24:03 [INFO] Replacing main artifact with repackaged archive
08:24:04 [INFO] ------------------------------------------------------------------------
08:24:04 [INFO] BUILD SUCCESS
08:24:04 [INFO] ------------------------------------------------------------------------
08:24:04 [INFO] Total time: 42.567 s
08:24:04 [INFO] Finished at: 2024-12-15T08:24:04Z
08:24:04 [INFO] ------------------------------------------------------------------------
[Pipeline] }
[Pipeline] // stage
[Pipeline] stage
[Pipeline] { (Test)
08:24:05 [Pipeline] echo
08:24:05 Running additional test suites...
08:24:06 [INFO] Starting Selenium integration tests
08:24:06 [INFO] Initializing ChromeDriver
08:24:07 [INFO] Chrome version: 119.0.6045.105
08:24:07 [INFO] ChromeDriver version: 119.0.6045.105
08:24:08 [INFO] Running test: LoginPageTest
08:24:09 [INFO] Test passed: testLoginWithValidCredentials
08:24:10 [INFO] Test passed: testLoginWithInvalidCredentials
08:24:11 [INFO] Test passed: testLoginWithEmptyFields
08:24:12 [INFO] Test passed: testForgotPasswordLink
08:24:13 [INFO] Running test: DashboardPageTest
08:24:14 [INFO] Test passed: testDashboardLoads
08:24:15 [INFO] Test passed: testNavigationMenu
08:24:16 [INFO] Test passed: testUserProfileDisplay
08:24:17 [INFO] Test passed: testLogoutFunctionality
08:24:18 [INFO] Running test: UserManagementPageTest
08:24:19 [INFO] Test passed: testCreateNewUser
08:24:20 [INFO] Test passed: testEditExistingUser
08:24:21 [INFO] Test passed: testDeleteUser
08:24:22 [INFO] Test passed: testSearchUsers
08:24:23 [INFO] Test passed: testUserPagination
08:24:24 [INFO] Running test: ReportsPageTest
08:24:25 [INFO] Test passed: testGenerateReport
08:24:26 [INFO] Test passed: testExportReportToPDF
08:24:27 [INFO] Test passed: testExportReportToExcel
08:24:28 [INFO] Test passed: testFilterReportByDate
08:24:29 [INFO] Selenium tests completed successfully
08:24:29 [INFO] Total Selenium tests: 17, Passed: 17, Failed: 0
08:24:30 [INFO] Starting API integration tests
08:24:30 [INFO] Testing endpoint: POST /api/v1/auth/login
08:24:31 [INFO] Response status: 200 OK
08:24:31 [INFO] Response time: 145ms
08:24:31 [INFO] Testing endpoint: POST /api/v1/auth/register
08:24:32 [INFO] Response status: 201 Created
08:24:32 [INFO] Response time: 234ms
08:24:32 [INFO] Testing endpoint: GET /api/v1/users
08:24:33 [INFO] Response status: 200 OK
08:24:33 [INFO] Response time: 98ms
08:24:33 [INFO] Testing endpoint: GET /api/v1/users/{id}
08:24:34 [INFO] Response status: 200 OK
08:24:34 [INFO] Response time: 87ms
08:24:34 [INFO] Testing endpoint: PUT /api/v1/users/{id}
08:24:35 [INFO] Response status: 200 OK
08:24:35 [INFO] Response time: 156ms
08:24:35 [INFO] Testing endpoint: DELETE /api/v1/users/{id}
08:24:36 [INFO] Response status: 204 No Content
08:24:36 [INFO] Response time: 112ms
08:24:36 [INFO] Testing endpoint: POST /api/v1/users/search
08:24:37 [INFO] Response status: 200 OK
08:24:37 [INFO] Response time: 178ms
08:24:37 [INFO] Testing endpoint: GET /api/v1/reports
08:24:38 [INFO] Response status: 200 OK
08:24:38 [INFO] Response time: 203ms
08:24:38 [INFO] Testing endpoint: POST /api/v1/reports/generate
08:24:39 [INFO] Response status: 201 Created
08:24:39 [INFO] Response time: 567ms
08:24:39 [INFO] Testing endpoint: GET /api/v1/health
08:24:40 [INFO] Response status: 200 OK
08:24:40 [INFO] Response time: 45ms
08:24:40 [INFO] API integration tests completed successfully
08:24:40 [INFO] Total API tests: 10, Passed: 10, Failed: 0
08:24:41 [INFO] Starting performance tests
08:24:41 [INFO] Test: Concurrent user login - 50 users
08:24:42 [INFO] Average response time: 234ms
08:24:42 [INFO] Min response time: 145ms
08:24:42 [INFO] Max response time: 456ms
08:24:42 [INFO] 95th percentile: 389ms
08:24:43 [INFO] Test: Data retrieval - 100 concurrent requests
08:24:44 [INFO] Average response time: 178ms
08:24:44 [INFO] Min response time: 98ms
08:24:44 [INFO] Max response time: 345ms
08:24:44 [INFO] 95th percentile: 298ms
08:24:45 [INFO] Test: Database write operations - 30 concurrent writes
08:24:46 [INFO] Average response time: 289ms
08:24:46 [INFO] Min response time: 167ms
08:24:46 [INFO] Max response time: 512ms
08:24:46 [INFO] 95th percentile: 467ms
08:24:47 [INFO] Performance tests completed successfully
08:24:47 [INFO] All performance metrics within acceptable thresholds
[Pipeline] }
[Pipeline] // stage
[Pipeline] stage
[Pipeline] { (Code Quality Analysis)
08:24:48 [Pipeline] echo
08:24:48 Running SonarQube analysis...
08:24:49 [INFO] SonarScanner 4.7.0.2747
08:24:49 [INFO] Java 11.0.16 Oracle Corporation
08:24:49 [INFO] Linux 5.15.0-89-generic amd64
08:24:50 [INFO] User cache: /var/lib/jenkins/.sonar/cache
08:24:50 [INFO] Analyzing on SonarQube server 9.8
08:24:51 [INFO] Default locale: "en_US", source code encoding: "UTF-8"
08:24:51 [INFO] Load global settings
08:24:52 [INFO] Load global settings (done) | time=456ms
08:24:52 [INFO] Server id: 12AB34CD-WXYZ-5678-EFGH-90IJKLMN1234
08:24:53 [INFO] User cache: /var/lib/jenkins/.sonar/cache
08:24:53 [INFO] Load/download plugins
08:24:54 [INFO] Load plugins index
08:24:54 [INFO] Load plugins index (done) | time=234ms
08:24:55 [INFO] Load/download plugins (done) | time=1234ms
08:24:55 [INFO] Process project properties
08:24:56 [INFO] Execute project builders
08:24:56 [INFO] Execute project builders (done) | time=123ms
08:24:57 [INFO] Project key: com.company:project1
08:24:57 [INFO] Base dir: /var/lib/jenkins/workspace/workspace1
08:24:57 [INFO] Working dir: /var/lib/jenkins/workspace/workspace1/target/sonar
08:24:58 [INFO] Load project settings for component key: 'com.company:project1'
08:24:58 [INFO] Load project settings for component key: 'com.company:project1' (done) | time=345ms
08:24:59 [INFO] Load quality profiles
08:24:59 [INFO] Load quality profiles (done) | time=234ms
08:25:00 [INFO] Load active rules
08:25:01 [INFO] Load active rules (done) | time=1234ms
08:25:01 [INFO] Indexing files...
08:25:02 [INFO] Project configuration:
08:25:02 [INFO]   Included sources: **/*.java
08:25:02 [INFO]   Excluded sources: **/*Test.java, **/generated/**
08:25:03 [INFO] 156 files indexed
08:25:03 [INFO] Quality profile for java: Sonar way
08:25:04 [INFO] Sensor JavaSensor [java]
08:25:04 [INFO] Configured Java source version: 11
08:25:05 [INFO] JavaClasspath initialization
08:25:06 [INFO] JavaTestClasspath initialization
08:25:07 [INFO] Java Main Files AST scan
08:25:08 [INFO] 156 source files to be analyzed
08:25:15 [INFO] Java Main Files AST scan (done) | time=7234ms
08:25:15 [INFO] Java Test Files AST scan
08:25:16 [INFO] 89 test files to be analyzed
08:25:21 [INFO] Java Test Files AST scan (done) | time=5123ms
08:25:21 [INFO] Sensor JavaSensor [java] (done) | time=17234ms
08:25:22 [INFO] Sensor JaCoCo XML Report Importer [jacoco]
08:25:22 [INFO] Importing 1 report(s). Turn your logs in debug mode in order to see the exhaustive list.
08:25:23 [INFO] Sensor JaCoCo XML Report Importer [jacoco] (done) | time=1234ms
08:25:23 [INFO] Sensor CSS Rules [javascript]
08:25:24 [INFO] Sensor CSS Rules [javascript] (done) | time=456ms
08:25:24 [INFO] Sensor JavaScript analysis [javascript]
08:25:25 [INFO] Sensor JavaScript analysis [javascript] (done) | time=789ms
08:25:25 [INFO] ------------- Run sensors on project
08:25:26 [INFO] Sensor Zero Coverage Sensor
08:25:26 [INFO] Sensor Zero Coverage Sensor (done) | time=234ms
08:25:27 [INFO] CPD Executor 4 files had no CPD blocks
08:25:27 [INFO] CPD Executor Calculating CPD for 152 files
08:25:28 [INFO] CPD Executor CPD calculation finished
08:25:28 [INFO] Analysis report generated in 234ms, dir size=2.1 MB
08:25:29 [INFO] Analysis report compressed in 345ms, zip size=856 KB
08:25:29 [INFO] Analysis report uploaded in 567ms
08:25:30 [INFO] ANALYSIS SUCCESSFUL, you can browse http://sonarqube.company.com/dashboard?id=com.company%3Aproject1
08:25:30 [INFO] Note that you will be able to access the updated dashboard once the server has processed the submitted analysis report
08:25:31 [INFO] More about the report processing at http://sonarqube.company.com/api/ce/task?id=AYsB1tXYZ123456789
08:25:31 [INFO] Analysis total time: 32.456 s
08:25:32 [INFO] Code Quality Metrics:
08:25:32 [INFO]   Lines of Code: 12,345
08:25:32 [INFO]   Code Coverage: 87.3%
08:25:32 [INFO]   Duplications: 2.1%
08:25:32 [INFO]   Bugs: 0
08:25:32 [INFO]   Vulnerabilities: 0
08:25:32 [INFO]   Code Smells: 23
08:25:32 [INFO]   Technical Debt: 2h 15min
08:25:33 [INFO]   Security Hotspots: 3
08:25:33 [INFO]   Maintainability Rating: A
08:25:33 [INFO]   Reliability Rating: A
08:25:33 [INFO]   Security Rating: A
[Pipeline] }
[Pipeline] // stage
[Pipeline] stage
[Pipeline] { (Security Scan)
08:25:34 [Pipeline] echo
08:25:34 Running OWASP Dependency Check...
08:25:35 [INFO] Checking for updates
08:25:36 [INFO] Download Started for NVD CVE - 2024
08:25:37 [INFO] Download Complete for NVD CVE - 2024
08:25:38 [INFO] Processing Started for NVD CVE - 2024
08:25:42 [INFO] Processing Complete for NVD CVE - 2024
08:25:42 [INFO] Begin Scanning Dependencies
08:25:43 [INFO] Checking file: spring-boot-starter-web-2.5.4.jar
08:25:44 [INFO] Checking file: spring-boot-starter-security-2.5.4.jar
08:25:45 [INFO] Checking file: spring-boot-starter-data-jpa-2.5.4.jar
08:25:46 [INFO] Checking file: postgresql-42.3.1.jar
08:25:47 [INFO] Checking file: lombok-1.18.22.jar
08:25:48 [INFO] Checking file: jackson-databind-2.12.5.jar
08:25:49 [INFO] Checking file: jjwt-0.9.1.jar
08:25:50 [INFO] Checking file: commons-lang3-3.12.0.jar
08:25:51 [INFO] Checking file: guava-31.0.1-jre.jar
08:25:52 [INFO] Checking file: hibernate-core-5.4.32.Final.jar
08:25:53 [INFO] Analyzing Dependencies
08:25:54 [INFO] Dependency Analysis Complete - 247 dependencies analyzed
08:25:55 [INFO] Vulnerabilities Found:
08:25:55 [INFO]   Critical: 0
08:25:55 [INFO]   High: 0
08:25:55 [INFO]   Medium: 2
08:25:55 [INFO]   Low: 5
08:25:56 [INFO] Medium Severity Issues:
08:25:56 [INFO]   - CVE-2023-12345: jackson-databind - Deserialization vulnerability (CVSS: 5.9)
08:25:56 [INFO]     Recommendation: Update to version 2.13.0 or higher
08:25:57 [INFO]   - CVE-2023-67890: commons-lang3 - Information disclosure (CVSS: 4.3)
08:25:57 [INFO]     Recommendation: Update to version 3.13.0 or higher
08:25:58 [INFO] Security scan report: /var/lib/jenkins/workspace/workspace1/target/dependency-check-report.html
08:25:58 [INFO] Running Trivy container scan...
08:25:59 [INFO] Analyzing Docker image: company/project1:1.2.5-SNAPSHOT
08:26:00 [INFO] Trivy scan complete
08:26:00 [INFO] Vulnerabilities in base image:
08:26:00 [INFO]   Total: 12
08:26:00 [INFO]   Critical: 0
08:26:00 [INFO]   High: 1
08:26:01 [INFO]   Medium: 4
08:26:01 [INFO]   Low: 7
08:26:01 [INFO] Security scan completed successfully
[Pipeline] }
[Pipeline] // stage
[Pipeline] stage
[Pipeline] { (Build Docker Image)
08:26:02 [Pipeline] echo
08:26:02 Building Docker image...
08:26:03 [INFO] Building image: company/project1:1.2.5-SNAPSHOT
08:26:03 Sending build context to Docker daemon  156.7MB
08:26:04 Step 1/12 : FROM openjdk:11-jre-slim
08:26:04 11-jre-slim: Pulling from library/openjdk
08:26:05 Digest: sha256:abc123def456789012345678901234567890123456789012345678901234
08:26:05 Status: Image is up to date
08:26:06 ---> 8a9d0a3f7e2b
08:26:06 Step 2/12 : WORKDIR /app
08:26:07 ---> Using cache
08:26:07 ---> 1b2c3d4e5f6a
08:26:07 Step 3/12 : COPY target/project1-1.2.5-SNAPSHOT.jar app.jar
08:26:08 ---> 7a8b9c0d1e2f
08:26:08 Step 4/12 : COPY src/main/resources/application.properties application.properties
08:26:09 ---> 3g4h5i6j7k8l
08:26:09 Step 5/12 : ENV JAVA_OPTS="-Xmx512m -Xms256m"
08:26:10 ---> Running in 9m0n1o2p3q4r
08:26:10 ---> 5s6t7u8v9w0x
08:26:11 Step 6/12 : EXPOSE 8080
08:26:11 ---> Running in 1y2z3a4b5c6d
08:26:12 ---> 7e8f9g0h1i2j
08:26:12 Step 7/12 : RUN useradd -r -u 1001 -g root appuser
08:26:13 ---> Running in 3k4l5m6n7o8p
08:26:13 ---> 9q0r1s2t3u4v
08:26:14 Step 8/12 : RUN chown -R appuser:root /app
08:26:14 ---> Running in 5w6x7y8z9a0b
08:26:15 ---> 1c2d3e4f5g6h
08:26:15 Step 9/12 : USER appuser
08:26:16 ---> Running in 7i8j9k0l1m2n
08:26:16 ---> 3o4p5q6r7s8t
08:26:17 Step 10/12 : HEALTHCHECK --interval=30s --timeout=3s CMD curl -f http://localhost:8080/actuator/health || exit 1
08:26:17 ---> Running in 9u0v1w2x3y4z
08:26:18 ---> 5a6b7c8d9e0f
08:26:18 Step 11/12 : ENTRYPOINT ["java"]
08:26:19 ---> Running in 1g2h3i4j5k6l
08:26:19 ---> 7m8n9o0p1q2r
08:26:20 Step 12/12 : CMD ["-jar", "/app/app.jar"]
08:26:20 ---> Running in 3s4t5u6v7w8x
08:26:21 ---> 9y0z1a2b3c4d
08:26:21 Successfully built 9y0z1a2b3c4d
08:26:21 Successfully tagged company/project1:1.2.5-SNAPSHOT
08:26:22 [INFO] Docker image built successfully
08:26:22 [INFO] Image ID: 9y0z1a2b3c4d
08:26:22 [INFO] Image Size: 345 MB
[Pipeline] }
[Pipeline] // stage
[Pipeline] stage
[Pipeline] { (Push to Registry)
08:26:23 [Pipeline] echo
08:26:23 Pushing Docker image to registry...
08:26:24 The push refers to repository [registry.company.com/company/project1]
08:26:25 5f70bf18a086: Preparing
08:26:25 6c7e8d9a0b1c: Preparing
08:26:26 2d3e4f5a6b7c: Preparing
08:26:26 8d9e0f1a2b3c: Preparing
08:26:27 4e5f6a7b8c9d: Preparing
08:26:27 0f1a2b3c4d5e: Waiting
08:26:28 6a7b8c9d0e1f: Waiting
08:26:29 5f70bf18a086: Pushed
08:26:30 6c7e8d9a0b1c: Pushed
08:26:31 2d3e4f5a6b7c: Pushed
08:26:32 8d9e0f1a2b3c: Pushed
08:26:33 4e5f6a7b8c9d: Pushed
08:26:34 0f1a2b3c4d5e: Pushed
08:26:35 6a7b8c9d0e1f: Pushed
08:26:36 1.2.5-SNAPSHOT: digest: sha256:def789abc456123def789abc456123def789abc456123def789abc456123 size: 2841
08:26:36 [INFO] Image pushed successfully to registry.company.com/company/project1:1.2.5-SNAPSHOT
[Pipeline] }
[Pipeline] // stage
[Pipeline] stage
[Pipeline] { (Deploy to Development)
08:26:37 [Pipeline] echo
08:26:37 Deploying to development environment...
08:26:38 [INFO] Connecting to Kubernetes cluster: dev-cluster
08:26:39 [INFO] Namespace: development
08:26:40 [INFO] Applying deployment configuration
08:26:41 deployment.apps/project1 configured
08:26:42 [INFO] Applying service configuration
08:26:43 service/project1-service configured
08:26:44 [INFO] Waiting for deployment rollout to complete...
08:26:45 Waiting for deployment "project1" rollout to finish: 0 of 3 updated replicas are available...
08:26:50 Waiting for deployment "project1" rollout to finish: 1 of 3 updated replicas are available...
08:26:55 Waiting for deployment "project1" rollout to finish: 2 of 3 updated replicas are available...
08:27:00 deployment "project1" successfully rolled out
08:27:01 [INFO] Deployment successful
08:27:01 [INFO] Application URL: https://project1-dev.company.com
08:27:02 [INFO] Running smoke tests...
08:27:03 [INFO] Testing health endpoint: GET /actuator/health
08:27:04 [INFO] Response: {"status":"UP"}
08:27:04 [INFO] Testing info endpoint: GET /actuator/info
08:27:05 [INFO] Response: {"app":{"name":"project1","version":"1.2.5-SNAPSHOT"}}
08:27:05 [INFO] Smoke tests passed
[Pipeline] }
[Pipeline] // stage
[Pipeline] stage
[Pipeline] { (Notification)
08:27:06 [Pipeline] echo
08:27:06 Sending build notifications...
08:27:07 [INFO] Sending Slack notification to channel #builds
08:27:08 [INFO] Slack notification sent successfully
08:27:08 [INFO] Sending email notification to dev-team@company.com
08:27:09 [INFO] Email sent successfully
08:27:09 [INFO] Updating JIRA tickets
08:27:10 [INFO] JIRA tickets updated: PROJ-123, PROJ-456, PROJ-789
[Pipeline] }
[Pipeline] // stage
08:27:11 [Pipeline] echo
08:27:11 ========================================
08:27:11 BUILD SUCCESS
08:27:11 ========================================
08:27:11 [Pipeline] echo
08:27:11 Build Summary:
08:27:11   Project: project1
08:27:11   Version: 1.2.5-SNAPSHOT
08:27:11   Branch: main
08:27:11   Commit: 8f7a3c2d9e1b4a6f5c8d7e9f0a1b2c3d4e5f6a7b
08:27:11   Build Duration: 4m 48s
08:27:11   Tests Run: 175
08:27:11   Tests Passed: 175
08:27:11   Code Coverage: 87.3%
08:27:11   Docker Image: company/project1:1.2.5-SNAPSHOT
08:27:11   Deployed to: Development
08:27:12 ========================================
[Pipeline] }
[Pipeline] // node
[Pipeline] End of Pipeline
Finished: SUCCESS