[2024-01-15 08:23:45] INFO: Starting Jenkins build for project workspace6
[2024-01-15 08:23:45] INFO: Build ID: #1247
[2024-01-15 08:23:45] INFO: Triggered by: SCM change
[2024-01-15 08:23:45] INFO: Node: jenkins-agent-03
[2024-01-15 08:23:45] INFO: Workspace: /var/lib/jenkins/workspace/workspace6
[2024-01-15 08:23:46] INFO: Checking out revision a3f8d92c from git repository
[2024-01-15 08:23:46] DEBUG: Git checkout started
[2024-01-15 08:23:46] DEBUG: Repository URL: https://github.com/company/workspace6.git
[2024-01-15 08:23:46] DEBUG: Branch: main
[2024-01-15 08:23:47] INFO: Fetching remote changes
[2024-01-15 08:23:47] DEBUG: remote: Enumerating objects: 45, done.
[2024-01-15 08:23:47] DEBUG: remote: Counting objects: 100% (45/45), done.
[2024-01-15 08:23:48] DEBUG: remote: Compressing objects: 100% (32/32), done.
[2024-01-15 08:23:48] DEBUG: remote: Total 45 (delta 18), reused 40 (delta 13)
[2024-01-15 08:23:48] DEBUG: Receiving objects: 100% (45/45), 12.45 KiB, done.
[2024-01-15 08:23:49] DEBUG: Resolving deltas: 100% (18/18), done.
[2024-01-15 08:23:49] INFO: Git checkout completed successfully
[2024-01-15 08:23:49] INFO: Preparing build environment
[2024-01-15 08:23:49] DEBUG: Setting environment variables
[2024-01-15 08:23:49] DEBUG: WORKSPACE=/var/lib/jenkins/workspace/workspace6
[2024-01-15 08:23:50] DEBUG: BUILD_ID=1247
[2024-01-15 08:23:50] DEBUG: BUILD_NUMBER=1247
[2024-01-15 08:23:50] DEBUG: JOB_NAME=workspace6
[2024-01-15 08:23:50] DEBUG: JAVA_HOME=/usr/lib/jvm/java-11-openjdk
[2024-01-15 08:23:50] DEBUG: MAVEN_HOME=/opt/maven
[2024-01-15 08:23:51] INFO: Starting Maven build process
[2024-01-15 08:23:51] INFO: Maven version: Apache Maven 3.8.6
[2024-01-15 08:23:51] INFO: Java version: 11.0.18
[2024-01-15 08:23:51] INFO: Operating System: Linux 5.15.0-89-generic
[2024-01-15 08:23:52] INFO: Executing: mvn clean install -DskipTests=false
[2024-01-15 08:23:52] DEBUG: [INFO] Scanning for projects...
[2024-01-15 08:23:52] DEBUG: [INFO] ------------------------------------------------------------------------
[2024-01-15 08:23:53] DEBUG: [INFO] Building workspace6-application 2.3.1-SNAPSHOT
[2024-01-15 08:23:53] DEBUG: [INFO] ------------------------------------------------------------------------
[2024-01-15 08:23:53] DEBUG: [INFO]
[2024-01-15 08:23:53] DEBUG: [INFO] --- maven-clean-plugin:3.2.0:clean (default-clean) @ workspace6 ---
[2024-01-15 08:23:54] DEBUG: [INFO] Deleting /var/lib/jenkins/workspace/workspace6/target
[2024-01-15 08:23:54] DEBUG: [INFO]
[2024-01-15 08:23:54] DEBUG: [INFO] --- maven-resources-plugin:3.3.0:resources (default-resources) @ workspace6 ---
[2024-01-15 08:23:55] DEBUG: [INFO] Copying 45 resources
[2024-01-15 08:23:55] DEBUG: [INFO] Copying 12 resources
[2024-01-15 08:23:55] INFO: Processing resource files
[2024-01-15 08:23:56] DEBUG: Copying application.properties
[2024-01-15 08:23:56] DEBUG: Copying application-dev.properties
[2024-01-15 08:23:56] DEBUG: Copying application-prod.properties
[2024-01-15 08:23:56] DEBUG: Copying database-config.xml
[2024-01-15 08:23:57] DEBUG: Copying logback.xml
[2024-01-15 08:23:57] DEBUG: Copying messages.properties
[2024-01-15 08:23:57] DEBUG: Copying validation.xml
[2024-01-15 08:23:57] INFO: Resource processing completed
[2024-01-15 08:23:58] DEBUG: [INFO] --- maven-compiler-plugin:3.10.1:compile (default-compile) @ workspace6 ---
[2024-01-15 08:23:58] INFO: Starting Java compilation
[2024-01-15 08:23:58] DEBUG: [INFO] Compiling 234 source files to /var/lib/jenkins/workspace/workspace6/target/classes
[2024-01-15 08:23:59] DEBUG: Compiling com.company.workspace6.Application
[2024-01-15 08:23:59] DEBUG: Compiling com.company.workspace6.config.AppConfig
[2024-01-15 08:23:59] DEBUG: Compiling com.company.workspace6.config.DatabaseConfig
[2024-01-15 08:24:00] DEBUG: Compiling com.company.workspace6.config.SecurityConfig
[2024-01-15 08:24:00] DEBUG: Compiling com.company.workspace6.controller.UserController
[2024-01-15 08:24:00] DEBUG: Compiling com.company.workspace6.controller.ProductController
[2024-01-15 08:24:01] DEBUG: Compiling com.company.workspace6.controller.OrderController
[2024-01-15 08:24:01] DEBUG: Compiling com.company.workspace6.controller.AdminController
[2024-01-15 08:24:01] DEBUG: Compiling com.company.workspace6.service.UserService
[2024-01-15 08:24:02] DEBUG: Compiling com.company.workspace6.service.ProductService
[2024-01-15 08:24:02] DEBUG: Compiling com.company.workspace6.service.OrderService
[2024-01-15 08:24:02] DEBUG: Compiling com.company.workspace6.service.AuthenticationService
[2024-01-15 08:24:03] DEBUG: Compiling com.company.workspace6.repository.UserRepository
[2024-01-15 08:24:03] DEBUG: Compiling com.company.workspace6.repository.ProductRepository
[2024-01-15 08:24:03] DEBUG: Compiling com.company.workspace6.repository.OrderRepository
[2024-01-15 08:24:04] DEBUG: Compiling com.company.workspace6.model.User
[2024-01-15 08:24:04] DEBUG: Compiling com.company.workspace6.model.Product
[2024-01-15 08:24:04] DEBUG: Compiling com.company.workspace6.model.Order
[2024-01-15 08:24:05] DEBUG: Compiling com.company.workspace6.model.OrderItem
[2024-01-15 08:24:05] DEBUG: Compiling com.company.workspace6.dto.UserDTO
[2024-01-15 08:24:05] DEBUG: Compiling com.company.workspace6.dto.ProductDTO
[2024-01-15 08:24:06] DEBUG: Compiling com.company.workspace6.dto.OrderDTO
[2024-01-15 08:24:06] DEBUG: Compiling com.company.workspace6.mapper.UserMapper
[2024-01-15 08:24:06] DEBUG: Compiling com.company.workspace6.mapper.ProductMapper
[2024-01-15 08:24:07] DEBUG: Compiling com.company.workspace6.mapper.OrderMapper
[2024-01-15 08:24:07] DEBUG: Compiling com.company.workspace6.exception.UserNotFoundException
[2024-01-15 08:24:07] DEBUG: Compiling com.company.workspace6.exception.ProductNotFoundException
[2024-01-15 08:24:08] DEBUG: Compiling com.company.workspace6.exception.OrderNotFoundException
[2024-01-15 08:24:08] DEBUG: Compiling com.company.workspace6.exception.GlobalExceptionHandler
[2024-01-15 08:24:08] DEBUG: Compiling com.company.workspace6.util.DateUtils
[2024-01-15 08:24:09] DEBUG: Compiling com.company.workspace6.util.StringUtils
[2024-01-15 08:24:09] DEBUG: Compiling com.company.workspace6.util.ValidationUtils
[2024-01-15 08:24:09] DEBUG: Compiling com.company.workspace6.util.EncryptionUtils
[2024-01-15 08:24:10] DEBUG: Compiling com.company.workspace6.security.JwtTokenProvider
[2024-01-15 08:24:10] DEBUG: Compiling com.company.workspace6.security.JwtAuthenticationFilter
[2024-01-15 08:24:10] DEBUG: Compiling com.company.workspace6.security.CustomUserDetailsService
[2024-01-15 08:24:11] INFO: Compilation progress: 25% (58/234 files)
[2024-01-15 08:24:11] DEBUG: Compiling com.company.workspace6.integration.PaymentService
[2024-01-15 08:24:11] DEBUG: Compiling com.company.workspace6.integration.EmailService
[2024-01-15 08:24:12] DEBUG: Compiling com.company.workspace6.integration.NotificationService
[2024-01-15 08:24:12] DEBUG: Compiling com.company.workspace6.integration.SmsService
[2024-01-15 08:24:12] DEBUG: Compiling com.company.workspace6.cache.CacheManager
[2024-01-15 08:24:13] DEBUG: Compiling com.company.workspace6.cache.RedisCacheImpl
[2024-01-15 08:24:13] DEBUG: Compiling com.company.workspace6.monitoring.HealthCheckService
[2024-01-15 08:24:13] DEBUG: Compiling com.company.workspace6.monitoring.MetricsCollector
[2024-01-15 08:24:14] DEBUG: Compiling com.company.workspace6.scheduler.CleanupScheduler
[2024-01-15 08:24:14] DEBUG: Compiling com.company.workspace6.scheduler.ReportScheduler
[2024-01-15 08:24:14] INFO: Compilation progress: 50% (117/234 files)
[2024-01-15 08:24:15] DEBUG: Compiling com.company.workspace6.api.v1.UserApiController
[2024-01-15 08:24:15] DEBUG: Compiling com.company.workspace6.api.v1.ProductApiController
[2024-01-15 08:24:15] DEBUG: Compiling com.company.workspace6.api.v2.UserApiController
[2024-01-15 08:24:16] DEBUG: Compiling com.company.workspace6.api.v2.ProductApiController
[2024-01-15 08:24:16] DEBUG: Compiling com.company.workspace6.validator.EmailValidator
[2024-01-15 08:24:16] DEBUG: Compiling com.company.workspace6.validator.PhoneValidator
[2024-01-15 08:24:17] DEBUG: Compiling com.company.workspace6.validator.PasswordValidator
[2024-01-15 08:24:17] DEBUG: Compiling com.company.workspace6.validator.AddressValidator
[2024-01-15 08:24:17] DEBUG: Compiling com.company.workspace6.filter.LoggingFilter
[2024-01-15 08:24:18] DEBUG: Compiling com.company.workspace6.filter.CorsFilter
[2024-01-15 08:24:18] DEBUG: Compiling com.company.workspace6.filter.RateLimitFilter
[2024-01-15 08:24:18] INFO: Compilation progress: 75% (175/234 files)
[2024-01-15 08:24:19] DEBUG: Compiling com.company.workspace6.batch.UserImportJob
[2024-01-15 08:24:19] DEBUG: Compiling com.company.workspace6.batch.DataExportJob
[2024-01-15 08:24:19] DEBUG: Compiling com.company.workspace6.batch.ReportGenerationJob
[2024-01-15 08:24:20] DEBUG: Compiling com.company.workspace6.websocket.NotificationHandler
[2024-01-15 08:24:20] DEBUG: Compiling com.company.workspace6.websocket.ChatHandler
[2024-01-15 08:24:20] DEBUG: Compiling com.company.workspace6.event.UserRegisteredEvent
[2024-01-15 08:24:21] DEBUG: Compiling com.company.workspace6.event.OrderPlacedEvent
[2024-01-15 08:24:21] DEBUG: Compiling com.company.workspace6.event.PaymentProcessedEvent
[2024-01-15 08:24:21] DEBUG: Compiling com.company.workspace6.listener.UserEventListener
[2024-01-15 08:24:22] DEBUG: Compiling com.company.workspace6.listener.OrderEventListener
[2024-01-15 08:24:22] INFO: Compilation completed successfully
[2024-01-15 08:24:22] DEBUG: [INFO] Compiled 234 source files with 0 errors and 0 warnings
[2024-01-15 08:24:23] DEBUG: [INFO]
[2024-01-15 08:24:23] DEBUG: [INFO] --- maven-resources-plugin:3.3.0:testResources (default-testResources) @ workspace6 ---
[2024-01-15 08:24:23] INFO: Processing test resources
[2024-01-15 08:24:24] DEBUG: [INFO] Copying 18 test resources
[2024-01-15 08:24:24] DEBUG: Copying test-application.properties
[2024-01-15 08:24:24] DEBUG: Copying test-data.sql
[2024-01-15 08:24:24] DEBUG: Copying mock-data.json
[2024-01-15 08:24:25] DEBUG: [INFO]
[2024-01-15 08:24:25] DEBUG: [INFO] --- maven-compiler-plugin:3.10.1:testCompile (default-testCompile) @ workspace6 ---
[2024-01-15 08:24:25] INFO: Starting test compilation
[2024-01-15 08:24:26] DEBUG: [INFO] Compiling 87 test source files
[2024-01-15 08:24:26] DEBUG: Compiling com.company.workspace6.controller.UserControllerTest
[2024-01-15 08:24:26] DEBUG: Compiling com.company.workspace6.controller.ProductControllerTest
[2024-01-15 08:24:27] DEBUG: Compiling com.company.workspace6.controller.OrderControllerTest
[2024-01-15 08:24:27] DEBUG: Compiling com.company.workspace6.service.UserServiceTest
[2024-01-15 08:24:27] DEBUG: Compiling com.company.workspace6.service.ProductServiceTest
[2024-01-15 08:24:28] DEBUG: Compiling com.company.workspace6.service.OrderServiceTest
[2024-01-15 08:24:28] DEBUG: Compiling com.company.workspace6.repository.UserRepositoryTest
[2024-01-15 08:24:28] DEBUG: Compiling com.company.workspace6.repository.ProductRepositoryTest
[2024-01-15 08:24:29] DEBUG: Compiling com.company.workspace6.repository.OrderRepositoryTest
[2024-01-15 08:24:29] DEBUG: Compiling com.company.workspace6.integration.PaymentServiceTest
[2024-01-15 08:24:29] DEBUG: Compiling com.company.workspace6.integration.EmailServiceTest
[2024-01-15 08:24:30] DEBUG: Compiling com.company.workspace6.security.JwtTokenProviderTest
[2024-01-15 08:24:30] DEBUG: Compiling com.company.workspace6.util.DateUtilsTest
[2024-01-15 08:24:30] DEBUG: Compiling com.company.workspace6.util.ValidationUtilsTest
[2024-01-15 08:24:31] DEBUG: Compiling com.company.workspace6.mapper.UserMapperTest
[2024-01-15 08:24:31] DEBUG: Compiling com.company.workspace6.mapper.ProductMapperTest
[2024-01-15 08:24:31] INFO: Test compilation completed
[2024-01-15 08:24:32] DEBUG: [INFO]
[2024-01-15 08:24:32] DEBUG: [INFO] --- maven-surefire-plugin:2.22.2:test (default-test) @ workspace6 ---
[2024-01-15 08:24:32] INFO: Running unit tests
[2024-01-15 08:24:33] INFO: -------------------------------------------------------
[2024-01-15 08:24:33] INFO:  T E S T S
[2024-01-15 08:24:33] INFO: -------------------------------------------------------
[2024-01-15 08:24:34] INFO: Running com.company.workspace6.controller.UserControllerTest
[2024-01-15 08:24:34] DEBUG: Test: testCreateUser - STARTED
[2024-01-15 08:24:35] DEBUG: Initializing test context
[2024-01-15 08:24:35] DEBUG: Setting up mock objects
[2024-01-15 08:24:35] DEBUG: Creating test user data
[2024-01-15 08:24:36] DEBUG: Executing POST request to /api/users
[2024-01-15 08:24:36] DEBUG: Response status: 201 Created
[2024-01-15 08:24:36] DEBUG: Test: testCreateUser - PASSED (1.823s)
[2024-01-15 08:24:37] DEBUG: Test: testGetUser - STARTED
[2024-01-15 08:24:37] DEBUG: Executing GET request to /api/users/1
[2024-01-15 08:24:37] DEBUG: Response status: 200 OK
[2024-01-15 08:24:38] DEBUG: Validating response body
[2024-01-15 08:24:38] DEBUG: Test: testGetUser - PASSED (0.945s)
[2024-01-15 08:24:38] DEBUG: Test: testUpdateUser - STARTED
[2024-01-15 08:24:39] DEBUG: Executing PUT request to /api/users/1
[2024-01-15 08:24:39] DEBUG: Response status: 200 OK
[2024-01-15 08:24:39] DEBUG: Test: testUpdateUser - PASSED (1.124s)
[2024-01-15 08:24:40] DEBUG: Test: testDeleteUser - STARTED
[2024-01-15 08:24:40] DEBUG: Executing DELETE request to /api/users/1
[2024-01-15 08:24:40] DEBUG: Response status: 204 No Content
[2024-01-15 08:24:41] DEBUG: Test: testDeleteUser - PASSED (0.756s)
[2024-01-15 08:24:41] DEBUG: Test: testListUsers - STARTED
[2024-01-15 08:24:41] DEBUG: Executing GET request to /api/users
[2024-01-15 08:24:42] DEBUG: Response status: 200 OK
[2024-01-15 08:24:42] DEBUG: Validating pagination
[2024-01-15 08:24:42] DEBUG: Test: testListUsers - PASSED (1.234s)
[2024-01-15 08:24:43] INFO: Tests run: 5, Failures: 0, Errors: 0, Skipped: 0, Time elapsed: 9.882s
[2024-01-15 08:24:43] INFO: Running com.company.workspace6.controller.ProductControllerTest
[2024-01-15 08:24:44] DEBUG: Test: testCreateProduct - STARTED
[2024-01-15 08:24:44] DEBUG: Creating test product data
[2024-01-15 08:24:44] DEBUG: Executing POST request to /api/products
[2024-01-15 08:24:45] DEBUG: Response status: 201 Created
[2024-01-15 08:24:45] DEBUG: Test: testCreateProduct - PASSED (1.567s)
[2024-01-15 08:24:45] DEBUG: Test: testGetProduct - STARTED
[2024-01-15 08:24:46] DEBUG: Executing GET request to /api/products/1
[2024-01-15 08:24:46] DEBUG: Response status: 200 OK
[2024-01-15 08:24:46] DEBUG: Test: testGetProduct - PASSED (0.892s)
[2024-01-15 08:24:47] DEBUG: Test: testUpdateProduct - STARTED
[2024-01-15 08:24:47] DEBUG: Executing PUT request to /api/products/1
[2024-01-15 08:24:47] DEBUG: Test: testUpdateProduct - PASSED (1.043s)
[2024-01-15 08:24:48] DEBUG: Test: testDeleteProduct - STARTED
[2024-01-15 08:24:48] DEBUG: Executing DELETE request to /api/products/1
[2024-01-15 08:24:48] DEBUG: Test: testDeleteProduct - PASSED (0.678s)
[2024-01-15 08:24:49] DEBUG: Test: testSearchProducts - STARTED
[2024-01-15 08:24:49] DEBUG: Executing GET request to /api/products/search?q=test
[2024-01-15 08:24:49] DEBUG: Test: testSearchProducts - PASSED (1.156s)
[2024-01-15 08:24:50] INFO: Tests run: 5, Failures: 0, Errors: 0, Skipped: 0, Time elapsed: 6.336s
[2024-01-15 08:24:50] INFO: Running com.company.workspace6.controller.OrderControllerTest
[2024-01-15 08:24:51] DEBUG: Test: testCreateOrder - STARTED
[2024-01-15 08:24:51] DEBUG: Setting up test order with 3 items
[2024-01-15 08:24:51] DEBUG: Executing POST request to /api/orders
[2024-01-15 08:24:52] DEBUG: Response status: 201 Created
[2024-01-15 08:24:52] DEBUG: Validating order total calculation
[2024-01-15 08:24:52] DEBUG: Test: testCreateOrder - PASSED (2.134s)
[2024-01-15 08:24:53] DEBUG: Test: testGetOrder - STARTED
[2024-01-15 08:24:53] DEBUG: Executing GET request to /api/orders/1
[2024-01-15 08:24:53] DEBUG: Test: testGetOrder - PASSED (0.789s)
[2024-01-15 08:24:54] DEBUG: Test: testUpdateOrderStatus - STARTED
[2024-01-15 08:24:54] DEBUG: Executing PATCH request to /api/orders/1/status
[2024-01-15 08:24:54] DEBUG: Test: testUpdateOrderStatus - PASSED (0.923s)
[2024-01-15 08:24:55] DEBUG: Test: testCancelOrder - STARTED
[2024-01-15 08:24:55] DEBUG: Executing POST request to /api/orders/1/cancel
[2024-01-15 08:24:55] DEBUG: Test: testCancelOrder - PASSED (1.045s)
[2024-01-15 08:24:56] INFO: Tests run: 4, Failures: 0, Errors: 0, Skipped: 0, Time elapsed: 5.891s
[2024-01-15 08:24:56] INFO: Running com.company.workspace6.service.UserServiceTest
[2024-01-15 08:24:57] DEBUG: Test: testRegisterUser - STARTED
[2024-01-15 08:24:57] DEBUG: Creating user registration request
[2024-01-15 08:24:57] DEBUG: Validating email uniqueness
[2024-01-15 08:24:58] DEBUG: Hashing password with BCrypt
[2024-01-15 08:24:58] DEBUG: Saving user to database
[2024-01-15 08:24:58] DEBUG: Test: testRegisterUser - PASSED (1.678s)
[2024-01-15 08:24:59] DEBUG: Test: testAuthenticateUser - STARTED
[2024-01-15 08:24:59] DEBUG: Loading user by email
[2024-01-15 08:24:59] DEBUG: Comparing password hashes
[2024-01-15 08:25:00] DEBUG: Generating JWT token
[2024-01-15 08:25:00] DEBUG: Test: testAuthenticateUser - PASSED (1.234s)
[2024-01-15 08:25:00] DEBUG: Test: testUpdateUserProfile - STARTED
[2024-01-15 08:25:01] DEBUG: Loading existing user
[2024-01-15 08:25:01] DEBUG: Applying profile updates
[2024-01-15 08:25:01] DEBUG: Validating updated fields
[2024-01-15 08:25:02] DEBUG: Test: testUpdateUserProfile - PASSED (1.456s)
[2024-01-15 08:25:02] DEBUG: Test: testResetPassword - STARTED
[2024-01-15 08:25:02] DEBUG: Generating password reset token
[2024-01-15 08:25:03] DEBUG: Sending reset email
[2024-01-15 08:25:03] DEBUG: Test: testResetPassword - PASSED (0.987s)
[2024-01-15 08:25:03] DEBUG: Test: testDeactivateUser - STARTED
[2024-01-15 08:25:04] DEBUG: Marking user as inactive
[2024-01-15 08:25:04] DEBUG: Revoking active sessions
[2024-01-15 08:25:04] DEBUG: Test: testDeactivateUser - PASSED (1.123s)
[2024-01-15 08:25:05] INFO: Tests run: 5, Failures: 0, Errors: 0, Skipped: 0, Time elapsed: 8.478s
[2024-01-15 08:25:05] INFO: Running com.company.workspace6.service.ProductServiceTest
[2024-01-15 08:25:06] DEBUG: Test: testAddProduct - STARTED
[2024-01-15 08:25:06] DEBUG: Validating product data
[2024-01-15 08:25:06] DEBUG: Checking SKU uniqueness
[2024-01-15 08:25:07] DEBUG: Saving product to database
[2024-01-15 08:25:07] DEBUG: Test: testAddProduct - PASSED (1.345s)
[2024-01-15 08:25:07] DEBUG: Test: testUpdateStock - STARTED
[2024-01-15 08:25:08] DEBUG: Loading product by ID
[2024-01-15 08:25:08] DEBUG: Updating stock quantity
[2024-01-15 08:25:08] DEBUG: Test: testUpdateStock - PASSED (0.876s)
[2024-01-15 08:25:09] DEBUG: Test: testApplyDiscount - STARTED
[2024-01-15 08:25:09] DEBUG: Calculating discounted price
[2024-01-15 08:25:09] DEBUG: Validating discount percentage
[2024-01-15 08:25:10] DEBUG: Test: testApplyDiscount - PASSED (1.012s)
[2024-01-15 08:25:10] DEBUG: Test: testFindByCategory - STARTED
[2024-01-15 08:25:10] DEBUG: Querying products by category
[2024-01-15 08:25:11] DEBUG: Applying pagination
[2024-01-15 08:25:11] DEBUG: Test: testFindByCategory - PASSED (0.934s)
[2024-01-15 08:25:11] INFO: Tests run: 4, Failures: 0, Errors: 0, Skipped: 0, Time elapsed: 6.167s
[2024-01-15 08:25:12] INFO: Running com.company.workspace6.service.OrderServiceTest
[2024-01-15 08:25:12] DEBUG: Test: testPlaceOrder - STARTED
[2024-01-15 08:25:12] DEBUG: Validating order items
[2024-01-15 08:25:13] DEBUG: Checking product availability
[2024-01-15 08:25:13] DEBUG: Calculating order total
[2024-01-15 08:25:13] DEBUG: Reserving stock
[2024-01-15 08:25:14] DEBUG: Creating order record
[2024-01-15 08:25:14] DEBUG: Test: testPlaceOrder - PASSED (2.234s)
[2024-01-15 08:25:14] DEBUG: Test: testProcessPayment - STARTED
[2024-01-15 08:25:15] DEBUG: Initiating payment gateway request
[2024-01-15 08:25:15] DEBUG: Validating payment method
[2024-01-15 08:25:15] DEBUG: Processing payment transaction
[2024-01-15 08:25:16] DEBUG: Updating order status
[2024-01-15 08:25:16] DEBUG: Test: testProcessPayment - PASSED (1.789s)
[2024-01-15 08:25:16] DEBUG: Test: testShipOrder - STARTED
[2024-01-15 08:25:17] DEBUG: Verifying order is paid
[2024-01-15 08:25:17] DEBUG: Generating tracking number
[2024-01-15 08:25:17] DEBUG: Notifying shipping provider
[2024-01-15 08:25:18] DEBUG: Test: testShipOrder - PASSED (1.456s)
[2024-01-15 08:25:18] DEBUG: Test: testCalculateShipping - STARTED
[2024-01-15 08:25:18] DEBUG: Calculating package weight
[2024-01-15 08:25:19] DEBUG: Determining shipping zone
[2024-01-15 08:25:19] DEBUG: Applying shipping rates
[2024-01-15 08:25:19] DEBUG: Test: testCalculateShipping - PASSED (1.123s)
[2024-01-15 08:25:20] INFO: Tests run: 4, Failures: 0, Errors: 0, Skipped: 0, Time elapsed: 7.602s
[2024-01-15 08:25:20] INFO: Running com.company.workspace6.repository.UserRepositoryTest
[2024-01-15 08:25:21] DEBUG: Test: testSaveUser - STARTED
[2024-01-15 08:25:21] DEBUG: Persisting user entity
[2024-01-15 08:25:21] DEBUG: Generating user ID
[2024-01-15 08:25:22] DEBUG: Test: testSaveUser - PASSED (0.934s)
[2024-01-15 08:25:22] DEBUG: Test: testFindByEmail - STARTED
[2024-01-15 08:25:22] DEBUG: Executing query: SELECT * FROM users WHERE email = ?
[2024-01-15 08:25:23] DEBUG: Test: testFindByEmail - PASSED (0.678s)
[2024-01-15 08:25:23] DEBUG: Test: testFindByUsername - STARTED
[2024-01-15 08:25:23] DEBUG: Executing query: SELECT * FROM users WHERE username = ?
[2024-01-15 08:25:24] DEBUG: Test: testFindByUsername - PASSED (0.712s)
[2024-01-15 08:25:24] DEBUG: Test: testExistsByEmail - STARTED
[2024-01-15 08:25:24] DEBUG: Executing query: SELECT COUNT(*) FROM users WHERE email = ?
[2024-01-15 08:25:25] DEBUG: Test: testExistsByEmail - PASSED (0.567s)
[2024-01-15 08:25:25] INFO: Tests run: 4, Failures: 0, Errors: 0, Skipped: 0, Time elapsed: 4.891s
[2024-01-15 08:25:25] INFO: Running com.company.workspace6.repository.ProductRepositoryTest
[2024-01-15 08:25:26] DEBUG: Test: testSaveProduct - STARTED
[2024-01-15 08:25:26] DEBUG: Persisting product entity
[2024-01-15 08:25:26] DEBUG: Test: testSaveProduct - PASSED (0.845s)
[2024-01-15 08:25:27] DEBUG: Test: testFindBySku - STARTED
[2024-01-15 08:25:27] DEBUG: Executing query: SELECT * FROM products WHERE sku = ?
[2024-01-15 08:25:27] DEBUG: Test: testFindBySku - PASSED (0.623s)
[2024-01-15 08:25:28] DEBUG: Test: testFindByCategory - STARTED
[2024-01-15 08:25:28] DEBUG: Executing query with category filter
[2024-01-15 08:25:28] DEBUG: Test: testFindByCategory - PASSED (0.756s)
[2024-01-15 08:25:29] INFO: Tests run: 3, Failures: 0, Errors: 0, Skipped: 0, Time elapsed: 3.224s
[2024-01-15 08:25:29] INFO: Running com.company.workspace6.repository.OrderRepositoryTest
[2024-01-15 08:25:30] DEBUG: Test: testSaveOrder - STARTED
[2024-01-15 08:25:30] DEBUG: Persisting order entity
[2024-01-15 08:25:30] DEBUG: Persisting order items
[2024-01-15 08:25:31] DEBUG: Test: testSaveOrder - PASSED (1.234s)
[2024-01-15 08:25:31] DEBUG: Test: testFindByUser - STARTED
[2024-01-15 08:25:31] DEBUG: Executing query: SELECT * FROM orders WHERE user_id = ?
[2024-01-15 08:25:32] DEBUG: Test: testFindByUser - PASSED (0.789s)
[2024-01-15 08:25:32] DEBUG: Test: testFindByStatus - STARTED
[2024-01-15 08:25:32] DEBUG: Executing query with status filter
[2024-01-15 08:25:33] DEBUG: Test: testFindByStatus - PASSED (0.867s)
[2024-01-15 08:25:33] INFO: Tests run: 3, Failures: 0, Errors: 0, Skipped: 0, Time elapsed: 3.890s
[2024-01-15 08:25:33] INFO: Running com.company.workspace6.integration.PaymentServiceTest
[2024-01-15 08:25:34] DEBUG: Test: testProcessCreditCardPayment - STARTED
[2024-01-15 08:25:34] DEBUG: Initializing payment gateway client
[2024-01-15 08:25:34] DEBUG: Creating payment request
[2024-01-15 08:25:35] DEBUG: Sending request to payment gateway
[2024-01-15 08:25:35] DEBUG: Received response: APPROVED
[2024-01-15 08:25:35] DEBUG: Test: testProcessCreditCardPayment - PASSED (1.567s)
[2024-01-15 08:25:36] DEBUG: Test: testProcessPayPalPayment - STARTED
[2024-01-15 08:25:36] DEBUG: Redirecting to PayPal authorization
[2024-01-15 08:25:36] DEBUG: Processing payment token
[2024-01-15 08:25:37] DEBUG: Test: testProcessPayPalPayment - PASSED (1.234s)
[2024-01-15 08:25:37] DEBUG: Test: testRefundPayment - STARTED
[2024-01-15 08:25:37] DEBUG: Creating refund request
[2024-01-15 08:25:38] DEBUG: Processing refund
[2024-01-15 08:25:38] DEBUG: Test: testRefundPayment - PASSED (1.089s)
[2024-01-15 08:25:38] INFO: Tests run: 3, Failures: 0, Errors: 0, Skipped: 0, Time elapsed: 4.890s
[2024-01-15 08:25:39] INFO: Running com.company.workspace6.integration.EmailServiceTest
[2024-01-15 08:25:39] DEBUG: Test: testSendWelcomeEmail - STARTED
[2024-01-15 08:25:39] DEBUG: Connecting to SMTP server
[2024-01-15 08:25:40] DEBUG: Composing email message
[2024-01-15 08:25:40] DEBUG: Sending email to user@example.com
[2024-01-15 08:25:40] DEBUG: Test: testSendWelcomeEmail - PASSED (1.345s)
[2024-01-15 08:25:41] DEBUG: Test: testSendOrderConfirmation - STARTED
[2024-01-15 08:25:41] DEBUG: Loading order details
[2024-01-15 08:25:41] DEBUG: Generating email template
[2024-01-15 08:25:42] DEBUG: Sending confirmation email
[2024-01-15 08:25:42] DEBUG: Test: testSendOrderConfirmation - PASSED (1.123s)
[2024-01-15 08:25:42] INFO: Tests run: 2, Failures: 0, Errors: 0, Skipped: 0, Time elapsed: 3.468s
[2024-01-15 08:25:43] INFO: Running com.company.workspace6.security.JwtTokenProviderTest
[2024-01-15 08:25:43] DEBUG: Test: testGenerateToken - STARTED
[2024-01-15 08:25:43] DEBUG: Creating user details
[2024-01-15 08:25:44] DEBUG: Generating JWT token
[2024-01-15 08:25:44] DEBUG: Validating token structure
[2024-01-15 08:25:44] DEBUG: Test: testGenerateToken - PASSED (1.234s)
[2024-01-15 08:25:45] DEBUG: Test: testValidateToken - STARTED
[2024-01-15 08:25:45] DEBUG: Parsing JWT token
[2024-01-15 08:25:45] DEBUG: Validating signature
[2024-01-15 08:25:46] DEBUG: Checking expiration
[2024-01-15 08:25:46] DEBUG: Test: testValidateToken - PASSED (0.987s)
[2024-01-15 08:25:46] DEBUG: Test: testExtractUsername - STARTED
[2024-01-15 08:25:47] DEBUG: Extracting claims from token
[2024-01-15 08:25:47] DEBUG: Test: testExtractUsername - PASSED (0.678s)
[2024-01-15 08:25:47] DEBUG: Test: testTokenExpiration - STARTED
[2024-01-15 08:25:48] DEBUG: Creating expired token
[2024-01-15 08:25:48] DEBUG: Attempting validation
[2024-01-15 08:25:48] DEBUG: Test: testTokenExpiration - PASSED (0.845s)
[2024-01-15 08:25:49] INFO: Tests run: 4, Failures: 0, Errors: 0, Skipped: 0, Time elapsed: 5.744s
[2024-01-15 08:25:49] INFO: Running com.company.workspace6.util.DateUtilsTest
[2024-01-15 08:25:50] DEBUG: Test: testFormatDate - STARTED
[2024-01-15 08:25:50] DEBUG: Testing date formatting
[2024-01-15 08:25:50] DEBUG: Test: testFormatDate - PASSED (0.456s)
[2024-01-15 08:25:51] DEBUG: Test: testParseDate - STARTED
[2024-01-15 08:25:51] DEBUG: Testing date parsing
[2024-01-15 08:25:51] DEBUG: Test: testParseDate - PASSED (0.523s)
[2024-01-15 08:25:52] DEBUG: Test: testCalculateDateDifference - STARTED
[2024-01-15 08:25:52] DEBUG: Calculating days between dates
[2024-01-15 08:25:52] DEBUG: Test: testCalculateDateDifference - PASSED (0.398s)
[2024-01-15 08:25:53] INFO: Tests run: 3, Failures: 0, Errors: 0, Skipped: 0, Time elapsed: 3.377s
[2024-01-15 08:25:53] INFO: Running com.company.workspace6.util.ValidationUtilsTest
[2024-01-15 08:25:54] DEBUG: Test: testValidateEmail - STARTED
[2024-01-15 08:25:54] DEBUG: Testing email validation
[2024-01-15 08:25:54] DEBUG: Test: testValidateEmail - PASSED (0.512s)
[2024-01-15 08:25:55] DEBUG: Test: testValidatePhone - STARTED
[2024-01-15 08:25:55] DEBUG: Testing phone validation
[2024-01-15 08:25:55] DEBUG: Test: testValidatePhone - PASSED (0.467s)
[2024-01-15 08:25:56] DEBUG: Test: testValidatePassword - STARTED
[2024-01-15 08:25:56] DEBUG: Testing password strength
[2024-01-15 08:25:56] DEBUG: Test: testValidatePassword - PASSED (0.534s)
[2024-01-15 08:25:57] INFO: Tests run: 3, Failures: 0, Errors: 0, Skipped: 0, Time elapsed: 3.513s
[2024-01-15 08:25:57] INFO: Running com.company.workspace6.mapper.UserMapperTest
[2024-01-15 08:25:58] DEBUG: Test: testToDto - STARTED
[2024-01-15 08:25:58] DEBUG: Mapping User entity to UserDTO
[2024-01-15 08:25:58] DEBUG: Test: testToDto - PASSED (0.623s)
[2024-01-15 08:25:59] DEBUG: Test: testToEntity - STARTED
[2024-01-15 08:25:59] DEBUG: Mapping UserDTO to User entity
[2024-01-15 08:25:59] DEBUG: Test: testToEntity - PASSED (0.578s)
[2024-01-15 08:26:00] INFO: Tests run: 2, Failures: 0, Errors: 0, Skipped: 0, Time elapsed: 2.201s
[2024-01-15 08:26:00] INFO: Running com.company.workspace6.mapper.ProductMapperTest
[2024-01-15 08:26:01] DEBUG: Test: testToDto - STARTED
[2024-01-15 08:26:01] DEBUG: Mapping Product entity to ProductDTO
[2024-01-15 08:26:01] DEBUG: Test: testToDto - PASSED (0.645s)
[2024-01-15 08:26:02] DEBUG: Test: testToEntity - STARTED
[2024-01-15 08:26:02] DEBUG: Mapping ProductDTO to Product entity
[2024-01-15 08:26:02] DEBUG: Test: testToEntity - PASSED (0.589s)
[2024-01-15 08:26:03] INFO: Tests run: 2, Failures: 0, Errors: 0, Skipped: 0, Time elapsed: 2.234s
[2024-01-15 08:26:03] INFO: 
[2024-01-15 08:26:03] INFO: Results:
[2024-01-15 08:26:04] INFO: 
[2024-01-15 08:26:04] INFO: Tests run: 51, Failures: 0, Errors: 0, Skipped: 0
[2024-01-15 08:26:04] INFO: 
[2024-01-15 08:26:05] DEBUG: [INFO]
[2024-01-15 08:26:05] DEBUG: [INFO] --- maven-jar-plugin:3.2.2:jar (default-jar) @ workspace6 ---
[2024-01-15 08:26:05] INFO: Building JAR file
[2024-01-15 08:26:06] DEBUG: [INFO] Building jar: /var/lib/jenkins/workspace/workspace6/target/workspace6-2.3.1-SNAPSHOT.jar
[2024-01-15 08:26:06] DEBUG: Adding compiled classes to JAR
[2024-01-15 08:26:07] DEBUG: Adding resource files to JAR
[2024-01-15 08:26:07] DEBUG: Creating manifest file
[2024-01-15 08:26:08] DEBUG: Signing JAR file
[2024-01-15 08:26:08] INFO: JAR file created successfully
[2024-01-15 08:26:09] DEBUG: [INFO]
[2024-01-15 08:26:09] DEBUG: [INFO] --- spring-boot-maven-plugin:2.7.8:repackage (repackage) @ workspace6 ---
[2024-01-15 08:26:09] INFO: Creating executable Spring Boot JAR
[2024-01-15 08:26:10] DEBUG: Extracting nested dependencies
[2024-01-15 08:26:10] DEBUG: Adding Spring Boot loader classes
[2024-01-15 08:26:11] DEBUG: Repackaging JAR file
[2024-01-15 08:26:11] DEBUG: Final JAR size: 45.3 MB
[2024-01-15 08:26:12] INFO: Executable JAR created successfully
[2024-01-15 08:26:12] DEBUG: [INFO]
[2024-01-15 08:26:12] DEBUG: [INFO] --- maven-install-plugin:2.5.2:install (default-install) @ workspace6 ---
[2024-01-15 08:26:13] INFO: Installing artifact to local repository
[2024-01-15 08:26:13] DEBUG: Installing /var/lib/jenkins/workspace/workspace6/target/workspace6-2.3.1-SNAPSHOT.jar
[2024-01-15 08:26:14] DEBUG: Installing to /var/lib/jenkins/.m2/repository/com/company/workspace6/2.3.1-SNAPSHOT/
[2024-01-15 08:26:14] DEBUG: Installing POM file
[2024-01-15 08:26:15] INFO: Installation completed successfully
[2024-01-15 08:26:15] DEBUG: [INFO] ------------------------------------------------------------------------
[2024-01-15 08:26:15] DEBUG: [INFO] BUILD SUCCESS
[2024-01-15 08:26:16] DEBUG: [INFO] ------------------------------------------------------------------------
[2024-01-15 08:26:16] DEBUG: [INFO] Total time: 2:31 min
[2024-01-15 08:26:16] DEBUG: [INFO] Finished at: 2024-01-15T08:26:16Z
[2024-01-15 08:26:17] DEBUG: [INFO] ------------------------------------------------------------------------
[2024-01-15 08:26:17] INFO: Maven build completed successfully
[2024-01-15 08:26:17] INFO: Starting post-build actions
[2024-01-15 08:26:18] INFO: Publishing test results
[2024-01-15 08:26:18] DEBUG: Parsing test XML reports
[2024-01-15 08:26:18] DEBUG: Found 51 test cases
[2024-01-15 08:26:19] DEBUG: Test success rate: 100%
[2024-01-15 08:26:19] INFO: Publishing code coverage reports
[2024-01-15 08:26:19] DEBUG: Loading JaCoCo coverage data
[2024-01-15 08:26:20] DEBUG: Line coverage: 87.5%
[2024-01-15 08:26:20] DEBUG: Branch coverage: 82.3%
[2024-01-15 08:26:20] DEBUG: Method coverage: 91.2%
[2024-01-15 08:26:21] INFO: Archiving artifacts
[2024-01-15 08:26:21] DEBUG: Archiving workspace6-2.3.1-SNAPSHOT.jar
[2024-01-15 08:26:22] DEBUG: Artifact size: 45.3 MB
[2024-01-15 08:26:22] DEBUG: Calculating checksums
[2024-01-15 08:26:23] DEBUG: MD5: e4d909c290d0fb1ca068ffaddf22cbd0
[2024-01-15 08:26:23] DEBUG: SHA1: a3f8d92c8e10ba3e0d9c6b2f1a5c7e4d8f9b0a1c
[2024-01-15 08:26:24] INFO: Sending build notifications
[2024-01-15 08:26:24] DEBUG: Notifying via email
[2024-01-15 08:26:24] DEBUG: Notifying via Slack
[2024-01-15 08:26:25] DEBUG: Notifying via Microsoft Teams
[2024-01-15 08:26:25] INFO: Cleaning up workspace
[2024-01-15 08:26:25] DEBUG: Removing temporary build files
[2024-01-15 08:26:26] DEBUG: Removing Maven cache
[2024-01-15 08:26:26] DEBUG: Workspace cleanup completed
[2024-01-15 08:26:27] INFO: Build metrics collected
[2024-01-15 08:26:27] DEBUG: Build duration: 2 minutes 42 seconds
[2024-01-15 08:26:27] DEBUG: Total lines of code: 12,456
[2024-01-15 08:26:28] DEBUG: Number of classes: 234
[2024-01-15 08:26:28] DEBUG: Number of test classes: 87
[2024-01-15 08:26:28] DEBUG: Code complexity: Medium
[2024-01-15 08:26:29] INFO: Updating build status in database
[2024-01-15 08:26:29] DEBUG: Build status: SUCCESS
[2024-01-15 08:26:29] DEBUG: Build result persisted
[2024-01-15 08:26:30] INFO: Jenkins build completed successfully
[2024-01-15 08:26:30] INFO: ========================================
[2024-01-15 08:26:30] INFO: BUILD SUMMARY
[2024-01-15 08:26:31] INFO: ========================================
[2024-01-15 08:26:31] INFO: Project: workspace6
[2024-01-15 08:26:31] INFO: Build Number: #1247
[2024-01-15 08:26:32] INFO: Status: SUCCESS
[2024-01-15 08:26:32] INFO: Duration: 2m 42s
[2024-01-15 08:26:32] INFO: Tests: 51 passed, 0 failed
[2024-01-15 08:26:33] INFO: Coverage: 87.5%
[2024-01-15 08:26:33] INFO: Artifacts: 1 archived
[2024-01-15 08:26:33] INFO: ========================================
[2024-01-15 08:26:34] INFO: Finished: SUCCESS