[INFO] Jenkins build log started at 2024-10-28 08:15:23 UTC
[INFO] Build ID: workspace2-build-1847
[INFO] Branch: feature/legacy-module
[INFO] Triggered by: SCM change
[INFO] ========================================
[INFO] Checking out repository...
[INFO] Git revision: a7f3d8e9c2b1f4a6d8e7c9b2a1f3e5d7c9b1a2f4
[INFO] Repository URL: https://github.com/company/legacy-project.git
[INFO] ========================================
[INFO] 2024-10-28 08:15:24 - Starting Maven build process
[INFO] 2024-10-28 08:15:24 - Maven version: Apache Maven 3.6.3
[INFO] 2024-10-28 08:15:24 - Java version: 11.0.12
[INFO] 2024-10-28 08:15:25 - Scanning for projects...
[INFO] 2024-10-28 08:15:26 - Building Legacy Application Module 2.3.1
[INFO] 2024-10-28 08:15:26 - --------------------------------[ jar ]---------------------------------
[INFO] 2024-10-28 08:15:27 - Downloading dependencies...
[INFO] 2024-10-28 08:15:28 - Downloaded: https://repo.maven.apache.org/maven2/org/springframework/spring-core/5.2.8.RELEASE/spring-core-5.2.8.RELEASE.jar (1.4 MB)
[INFO] 2024-10-28 08:15:29 - Downloaded: https://repo.maven.apache.org/maven2/org/springframework/spring-context/5.2.8.RELEASE/spring-context-5.2.8.RELEASE.jar (1.2 MB)
[INFO] 2024-10-28 08:15:31 - Downloaded: https://repo.maven.apache.org/maven2/org/hibernate/hibernate-core/5.4.20.Final/hibernate-core-5.4.20.Final.jar (6.8 MB)
[INFO] 2024-10-28 08:15:34 - Downloaded: https://repo.maven.apache.org/maven2/commons-logging/commons-logging/1.2/commons-logging-1.2.jar (61 KB)
[INFO] 2024-10-28 08:15:35 - Downloaded: https://repo.maven.apache.org/maven2/org/apache/commons/commons-lang3/3.11/commons-lang3-3.11.jar (587 KB)
[INFO] 2024-10-28 08:15:37 - --- maven-clean-plugin:3.1.0:clean (default-clean) @ legacy-app ---
[INFO] 2024-10-28 08:15:37 - Deleting /var/lib/jenkins/workspace/workspace2/target
[INFO] 2024-10-28 08:15:38 - --- maven-resources-plugin:3.1.0:resources (default-resources) @ legacy-app ---
[INFO] 2024-10-28 08:15:39 - Using 'UTF-8' encoding to copy filtered resources.
[INFO] 2024-10-28 08:15:39 - Copying 47 resources
[INFO] 2024-10-28 08:15:40 - Copying 12 resources
[INFO] 2024-10-28 08:15:41 - --- maven-compiler-plugin:3.8.1:compile (default-compile) @ legacy-app ---
[INFO] 2024-10-28 08:15:42 - Changes detected - recompiling the module!
[INFO] 2024-10-28 08:15:42 - Compiling 284 source files to /var/lib/jenkins/workspace/workspace2/target/classes
[INFO] 2024-10-28 08:15:43 - Compiling com.company.legacy.core.ApplicationBootstrap
[INFO] 2024-10-28 08:15:43 - Compiling com.company.legacy.core.ConfigurationManager
[INFO] 2024-10-28 08:15:44 - Compiling com.company.legacy.core.DatabaseConnectionPool
[INFO] 2024-10-28 08:15:45 - Compiling com.company.legacy.core.SecurityManager
[INFO] 2024-10-28 08:15:45 - Compiling com.company.legacy.service.UserService
[INFO] 2024-10-28 08:15:46 - Compiling com.company.legacy.service.AuthenticationService
[INFO] 2024-10-28 08:15:47 - Compiling com.company.legacy.service.AuthorizationService
[INFO] 2024-10-28 08:15:47 - Compiling com.company.legacy.service.ProductService
[INFO] 2024-10-28 08:15:48 - Compiling com.company.legacy.service.OrderService
[INFO] 2024-10-28 08:15:49 - Compiling com.company.legacy.service.PaymentService
[INFO] 2024-10-28 08:15:49 - Compiling com.company.legacy.service.NotificationService
[INFO] 2024-10-28 08:15:50 - Compiling com.company.legacy.service.ReportingService
[INFO] 2024-10-28 08:15:51 - Compiling com.company.legacy.repository.UserRepository
[INFO] 2024-10-28 08:15:51 - Compiling com.company.legacy.repository.ProductRepository
[INFO] 2024-10-28 08:15:52 - Compiling com.company.legacy.repository.OrderRepository
[INFO] 2024-10-28 08:15:53 - Compiling com.company.legacy.repository.PaymentRepository
[INFO] 2024-10-28 08:15:53 - Compiling com.company.legacy.model.User
[INFO] 2024-10-28 08:15:54 - Compiling com.company.legacy.model.Product
[INFO] 2024-10-28 08:15:55 - Compiling com.company.legacy.model.Order
[INFO] 2024-10-28 08:15:55 - Compiling com.company.legacy.model.Payment
[INFO] 2024-10-28 08:15:56 - Compiling com.company.legacy.model.Customer
[INFO] 2024-10-28 08:15:57 - Compiling com.company.legacy.model.Invoice
[INFO] 2024-10-28 08:15:57 - Compiling com.company.legacy.model.Address
[INFO] 2024-10-28 08:15:58 - Compiling com.company.legacy.controller.UserController
[INFO] 2024-10-28 08:15:59 - Compiling com.company.legacy.controller.ProductController
[INFO] 2024-10-28 08:15:59 - Compiling com.company.legacy.controller.OrderController
[INFO] 2024-10-28 08:16:00 - Compiling com.company.legacy.controller.PaymentController
[INFO] 2024-10-28 08:16:01 - Compiling com.company.legacy.controller.AdminController
[INFO] 2024-10-28 08:16:01 - Compiling com.company.legacy.util.StringUtil
[INFO] 2024-10-28 08:16:02 - Compiling com.company.legacy.util.DateUtil
[INFO] 2024-10-28 08:16:03 - Compiling com.company.legacy.util.ValidationUtil
[INFO] 2024-10-28 08:16:03 - Compiling com.company.legacy.util.EncryptionUtil
[INFO] 2024-10-28 08:16:04 - Compiling com.company.legacy.util.FileUtil
[INFO] 2024-10-28 08:16:05 - Compiling com.company.legacy.util.JsonUtil
[INFO] 2024-10-28 08:16:05 - Compiling com.company.legacy.util.XmlUtil
[INFO] 2024-10-28 08:16:06 - Compiling com.company.legacy.exception.ApplicationException
[INFO] 2024-10-28 08:16:07 - Compiling com.company.legacy.exception.ValidationException
[INFO] 2024-10-28 08:16:07 - Compiling com.company.legacy.exception.AuthenticationException
[INFO] 2024-10-28 08:16:08 - Compiling com.company.legacy.exception.AuthorizationException
[INFO] 2024-10-28 08:16:09 - Compiling com.company.legacy.exception.DatabaseException
[INFO] 2024-10-28 08:16:09 - Compiling com.company.legacy.config.ApplicationConfig
[INFO] 2024-10-28 08:16:10 - Compiling com.company.legacy.config.DatabaseConfig
[INFO] 2024-10-28 08:16:11 - Compiling com.company.legacy.config.SecurityConfig
[INFO] 2024-10-28 08:16:11 - Compiling com.company.legacy.config.WebConfig
[INFO] 2024-10-28 08:16:12 - /var/lib/jenkins/workspace/workspace2/src/main/java/com/company/legacy/service/UserService.java:[45,23] warning: unchecked conversion
[WARNING] 2024-10-28 08:16:13 - /var/lib/jenkins/workspace/workspace2/src/main/java/com/company/legacy/repository/OrderRepository.java:[78,15] deprecation warning
[WARNING] 2024-10-28 08:16:14 - /var/lib/jenkins/workspace/workspace2/src/main/java/com/company/legacy/util/DateUtil.java:[92,8] unused variable 'formatter'
[INFO] 2024-10-28 08:16:15 - Compilation completed with 3 warnings
[INFO] 2024-10-28 08:16:16 - --- maven-resources-plugin:3.1.0:testResources (default-testResources) @ legacy-app ---
[INFO] 2024-10-28 08:16:16 - Using 'UTF-8' encoding to copy filtered resources.
[INFO] 2024-10-28 08:16:17 - Copying 23 resources
[INFO] 2024-10-28 08:16:18 - --- maven-compiler-plugin:3.8.1:testCompile (default-testCompile) @ legacy-app ---
[INFO] 2024-10-28 08:16:18 - Changes detected - recompiling the module!
[INFO] 2024-10-28 08:16:19 - Compiling 156 source files to /var/lib/jenkins/workspace/workspace2/target/test-classes
[INFO] 2024-10-28 08:16:20 - Compiling com.company.legacy.test.UserServiceTest
[INFO] 2024-10-28 08:16:20 - Compiling com.company.legacy.test.ProductServiceTest
[INFO] 2024-10-28 08:16:21 - Compiling com.company.legacy.test.OrderServiceTest
[INFO] 2024-10-28 08:16:22 - Compiling com.company.legacy.test.PaymentServiceTest
[INFO] 2024-10-28 08:16:22 - Compiling com.company.legacy.test.AuthenticationServiceTest
[INFO] 2024-10-28 08:16:23 - Compiling com.company.legacy.test.AuthorizationServiceTest
[INFO] 2024-10-28 08:16:24 - Compiling com.company.legacy.test.UserRepositoryTest
[INFO] 2024-10-28 08:16:24 - Compiling com.company.legacy.test.ProductRepositoryTest
[INFO] 2024-10-28 08:16:25 - Compiling com.company.legacy.test.OrderRepositoryTest
[INFO] 2024-10-28 08:16:26 - Compiling com.company.legacy.test.IntegrationTest
[INFO] 2024-10-28 08:16:26 - --- maven-surefire-plugin:2.22.2:test (default-test) @ legacy-app ---
[INFO] 2024-10-28 08:16:27 - -------------------------------------------------------
[INFO] 2024-10-28 08:16:27 -  T E S T S
[INFO] 2024-10-28 08:16:27 - -------------------------------------------------------
[INFO] 2024-10-28 08:16:28 - Running com.company.legacy.test.UserServiceTest
[INFO] 2024-10-28 08:16:29 - Tests run: 12, Failures: 0, Errors: 0, Skipped: 0, Time elapsed: 1.234 s - in com.company.legacy.test.UserServiceTest
[INFO] 2024-10-28 08:16:30 - Running com.company.legacy.test.ProductServiceTest
[INFO] 2024-10-28 08:16:31 - Tests run: 8, Failures: 0, Errors: 0, Skipped: 0, Time elapsed: 0.892 s - in com.company.legacy.test.ProductServiceTest
[INFO] 2024-10-28 08:16:32 - Running com.company.legacy.test.OrderServiceTest
[INFO] 2024-10-28 08:16:33 - Tests run: 15, Failures: 0, Errors: 0, Skipped: 0, Time elapsed: 1.567 s - in com.company.legacy.test.OrderServiceTest
[INFO] 2024-10-28 08:16:34 - Running com.company.legacy.test.PaymentServiceTest
[INFO] 2024-10-28 08:16:35 - Tests run: 10, Failures: 0, Errors: 0, Skipped: 0, Time elapsed: 1.123 s - in com.company.legacy.test.PaymentServiceTest
[INFO] 2024-10-28 08:16:36 - Running com.company.legacy.test.AuthenticationServiceTest
[INFO] 2024-10-28 08:16:37 - Tests run: 7, Failures: 0, Errors: 0, Skipped: 0, Time elapsed: 0.745 s - in com.company.legacy.test.AuthenticationServiceTest
[INFO] 2024-10-28 08:16:38 - Running com.company.legacy.test.AuthorizationServiceTest
[INFO] 2024-10-28 08:16:39 - Tests run: 9, Failures: 0, Errors: 0, Skipped: 0, Time elapsed: 0.834 s - in com.company.legacy.test.AuthorizationServiceTest
[INFO] 2024-10-28 08:16:40 - Running com.company.legacy.test.UserRepositoryTest
[INFO] 2024-10-28 08:16:41 - Tests run: 11, Failures: 0, Errors: 0, Skipped: 0, Time elapsed: 1.456 s - in com.company.legacy.test.UserRepositoryTest
[INFO] 2024-10-28 08:16:42 - Running com.company.legacy.test.ProductRepositoryTest
[INFO] 2024-10-28 08:16:43 - Tests run: 6, Failures: 0, Errors: 0, Skipped: 0, Time elapsed: 0.678 s - in com.company.legacy.test.ProductRepositoryTest
[INFO] 2024-10-28 08:16:44 - Running com.company.legacy.test.OrderRepositoryTest
[INFO] 2024-10-28 08:16:45 - Tests run: 13, Failures: 0, Errors: 0, Skipped: 0, Time elapsed: 1.345 s - in com.company.legacy.test.OrderRepositoryTest
[INFO] 2024-10-28 08:16:46 - Running com.company.legacy.test.IntegrationTest
[INFO] 2024-10-28 08:16:47 - Tests run: 5, Failures: 0, Errors: 0, Skipped: 0, Time elapsed: 2.234 s - in com.company.legacy.test.IntegrationTest
[INFO] 2024-10-28 08:16:48 - Results:
[INFO] 2024-10-28 08:16:48 - Tests run: 96, Failures: 0, Errors: 0, Skipped: 0
[INFO] 2024-10-28 08:16:49 - -------------------------------------------------------
[INFO] 2024-10-28 08:16:49 - BUILD SUCCESS
[INFO] 2024-10-28 08:16:49 - -------------------------------------------------------
[INFO] 2024-10-28 08:16:50 - Total time: 03:26 min
[INFO] 2024-10-28 08:16:50 - Finished at: 2024-10-28T08:16:50Z
[INFO] 2024-10-28 08:16:50 - Final Memory: 487M/2048M
[INFO] 2024-10-28 08:16:51 - -------------------------------------------------------
[INFO] 2024-10-28 08:16:51 - --- maven-jar-plugin:3.1.2:jar (default-jar) @ legacy-app ---
[INFO] 2024-10-28 08:16:52 - Building jar: /var/lib/jenkins/workspace/workspace2/target/legacy-app-2.3.1.jar
[INFO] 2024-10-28 08:16:53 - --- maven-install-plugin:2.5.2:install (default-install) @ legacy-app ---
[INFO] 2024-10-28 08:16:54 - Installing /var/lib/jenkins/workspace/workspace2/target/legacy-app-2.3.1.jar to /var/lib/jenkins/.m2/repository
[INFO] 2024-10-28 08:16:55 - Installing /var/lib/jenkins/workspace/workspace2/pom.xml to /var/lib/jenkins/.m2/repository
[INFO] 2024-10-28 08:16:56 - Post-build actions starting...
[INFO] 2024-10-28 08:16:56 - Archiving artifacts...
[INFO] 2024-10-28 08:16:57 - Recording test results...
[INFO] 2024-10-28 08:16:58 - Publishing JUnit test result report...
[INFO] 2024-10-28 08:16:59 - Test results published successfully
[INFO] 2024-10-28 08:17:00 - Checking code coverage metrics...
[INFO] 2024-10-28 08:17:01 - Line coverage: 78.5%
[INFO] 2024-10-28 08:17:02 - Branch coverage: 65.3%
[INFO] 2024-10-28 08:17:03 - Method coverage: 82.1%
[INFO] 2024-10-28 08:17:04 - Class coverage: 89.4%
[INFO] 2024-10-28 08:17:05 - Running static code analysis...
[INFO] 2024-10-28 08:17:06 - FindBugs analysis started
[INFO] 2024-10-28 08:17:07 - Analyzing 284 classes...
[INFO] 2024-10-28 08:17:08 - Found 3 potential bugs
[INFO] 2024-10-28 08:17:09 - Priority 1: 0
[INFO] 2024-10-28 08:17:10 - Priority 2: 1
[INFO] 2024-10-28 08:17:11 - Priority 3: 2
[INFO] 2024-10-28 08:17:12 - CheckStyle analysis started
[INFO] 2024-10-28 08:17:13 - Found 47 style violations
[INFO] 2024-10-28 08:17:14 - PMD analysis started
[INFO] 2024-10-28 08:17:15 - Found 12 code quality issues
[INFO] 2024-10-28 08:17:16 - Generating quality reports...
[INFO] 2024-10-28 08:17:17 - Quality gate evaluation: PASSED
[INFO] 2024-10-28 08:17:18 - Publishing build artifacts to Nexus...
[INFO] 2024-10-28 08:17:19 - Uploading legacy-app-2.3.1.jar (12.4 MB)
[INFO] 2024-10-28 08:17:20 - Upload progress: 10%
[INFO] 2024-10-28 08:17:21 - Upload progress: 25%
[INFO] 2024-10-28 08:17:22 - Upload progress: 40%
[INFO] 2024-10-28 08:17:23 - Upload progress: 55%
[INFO] 2024-10-28 08:17:24 - Upload progress: 70%
[INFO] 2024-10-28 08:17:25 - Upload progress: 85%
[INFO] 2024-10-28 08:17:26 - Upload progress: 100%
[INFO] 2024-10-28 08:17:27 - Artifact uploaded successfully
[INFO] 2024-10-28 08:17:28 - Sending email notifications...
[INFO] 2024-10-28 08:17:29 - Email sent to: dev-team@company.com
[INFO] 2024-10-28 08:17:30 - Updating build status in JIRA...
[INFO] 2024-10-28 08:17:31 - JIRA ticket PROJ-1234 updated with build status
[INFO] 2024-10-28 08:17:32 - Triggering downstream jobs...
[INFO] 2024-10-28 08:17:33 - Downstream job 'deploy-to-dev' scheduled
[INFO] 2024-10-28 08:17:34 - Workspace cleanup skipped (configured to keep workspace)
[INFO] 2024-10-28 08:17:35 - ========================================
[INFO] 2024-10-28 08:17:35 - BUILD COMPLETED SUCCESSFULLY
[INFO] 2024-10-28 08:17:35 - ========================================
[INFO] 2024-10-28 08:17:36 - Build duration: 7 minutes 13 seconds
[INFO] 2024-10-28 08:17:36 - Build result: SUCCESS
[INFO] 2024-10-28 08:17:36 - Workspace: /var/lib/jenkins/workspace/workspace2
[INFO] 2024-10-28 08:17:36 - Build URL: http://jenkins.company.com/job/legacy-app/1847/
[INFO] 2024-10-28 08:17:37 - Console output saved to: /var/lib/jenkins/jobs/legacy-app/builds/1847/log
[INFO] 2024-10-28 08:17:37 - Artifacts archived: 1
[INFO] 2024-10-28 08:17:37 - Test results: 96 tests, 0 failures
[INFO] 2024-10-28 08:17:38 - Finished: SUCCESS
[DEBUG] 2024-10-28 08:17:38 - Environment variables:
[DEBUG] 2024-10-28 08:17:38 - BUILD_NUMBER=1847
[DEBUG] 2024-10-28 08:17:38 - BUILD_ID=1847
[DEBUG] 2024-10-28 08:17:38 - JOB_NAME=legacy-app
[DEBUG] 2024-10-28 08:17:38 - BUILD_TAG=jenkins-legacy-app-1847
[DEBUG] 2024-10-28 08:17:39 - EXECUTOR_NUMBER=2
[DEBUG] 2024-10-28 08:17:39 - NODE_NAME=build-node-03
[DEBUG] 2024-10-28 08:17:39 - NODE_LABELS=linux docker maven
[DEBUG] 2024-10-28 08:17:39 - WORKSPACE=/var/lib/jenkins/workspace/workspace2
[DEBUG] 2024-10-28 08:17:40 - JENKINS_HOME=/var/lib/jenkins
[DEBUG] 2024-10-28 08:17:40 - JENKINS_URL=http://jenkins.company.com/
[DEBUG] 2024-10-28 08:17:40 - BUILD_URL=http://jenkins.company.com/job/legacy-app/1847/
[DEBUG] 2024-10-28 08:17:40 - JOB_URL=http://jenkins.company.com/job/legacy-app/
[DEBUG] 2024-10-28 08:17:41 - GIT_COMMIT=a7f3d8e9c2b1f4a6d8e7c9b2a1f3e5d7c9b1a2f4
[DEBUG] 2024-10-28 08:17:41 - GIT_BRANCH=origin/feature/legacy-module
[DEBUG] 2024-10-28 08:17:41 - GIT_URL=https://github.com/company/legacy-project.git
[DEBUG] 2024-10-28 08:17:42 - JAVA_HOME=/usr/lib/jvm/java-11-openjdk
[DEBUG] 2024-10-28 08:17:42 - MAVEN_HOME=/opt/maven
[DEBUG] 2024-10-28 08:17:42 - PATH=/usr/local/sbin:/usr/local/bin:/usr/sbin:/usr/bin:/sbin:/bin
[INFO] 2024-10-28 08:17:43 - Performance metrics:
[INFO] 2024-10-28 08:17:43 - SCM checkout time: 12 seconds
[INFO] 2024-10-28 08:17:43 - Dependency resolution time: 45 seconds
[INFO] 2024-10-28 08:17:44 - Compilation time: 2 minutes 34 seconds
[INFO] 2024-10-28 08:17:44 - Test execution time: 3 minutes 18 seconds
[INFO] 2024-10-28 08:17:44 - Packaging time: 24 seconds
[INFO] 2024-10-28 08:17:45 - Total build time: 7 minutes 13 seconds
[INFO] 2024-10-28 08:17:45 - Peak memory usage: 487 MB
[INFO] 2024-10-28 08:17:45 - Average CPU usage: 64%
[INFO] 2024-10-28 08:17:46 - Disk I/O operations: 14523
[INFO] 2024-10-28 08:17:46 - Network I/O: 45.6 MB downloaded, 12.8 MB uploaded
[INFO] 2024-10-28 08:17:47 - Build artifacts size: 12.4 MB
[INFO] 2024-10-28 08:17:47 - Test artifacts size: 2.3 MB
[INFO] 2024-10-28 08:17:48 - Total workspace size: 156.7 MB
[INFO] 2024-10-28 08:17:48 - Repository size: 89.2 MB
[INFO] 2024-10-28 08:17:49 - Dependency cache size: 234.5 MB
[INFO] 2024-10-28 08:17:49 - Historical build data:
[INFO] 2024-10-28 08:17:49 - Previous build: #1846 - SUCCESS (2024-10-27)
[INFO] 2024-10-28 08:17:50 - Build trend: 4 consecutive successful builds
[INFO] 2024-10-28 08:17:50 - Average build duration (last 10 builds): 7 min 8 sec
[INFO] 2024-10-28 08:17:51 - Test failure rate (last 30 days): 2.3%
[INFO] 2024-10-28 08:17:51 - Build frequency: 3.2 builds per day
[INFO] 2024-10-28 08:17:52 - Last successful deployment: 2024-10-26 15:32:18 UTC
[INFO] 2024-10-28 08:17:52 - Quality metrics trend:
[INFO] 2024-10-28 08:17:53 - Code coverage: 78.5% (↑ 1.2% from previous build)
[INFO] 2024-10-28 08:17:53 - Technical debt: 4.2 days (→ no change)
[INFO] 2024-10-28 08:17:54 - Code duplications: 3.8% (↓ 0.3% from previous build)
[INFO] 2024-10-28 08:17:54 - Maintainability rating: A
[INFO] 2024-10-28 08:17:55 - Reliability rating: A
[INFO] 2024-10-28 08:17:55 - Security rating: A
[INFO] 2024-10-28 08:17:56 - Security vulnerabilities: 0 critical, 0 major, 2 minor
[INFO] 2024-10-28 08:17:56 - Dependency analysis:
[INFO] 2024-10-28 08:17:57 - Total dependencies: 87
[INFO] 2024-10-28 08:17:57 - Direct dependencies: 23
[INFO] 2024-10-28 08:17:58 - Transitive dependencies: 64
[INFO] 2024-10-28 08:17:58 - Outdated dependencies: 5
[INFO] 2024-10-28 08:17:59 - Dependencies with known vulnerabilities: 0
[INFO] 2024-10-28 08:17:59 - License compliance: PASSED
[INFO] 2024-10-28 08:18:00 - Build plugins information:
[INFO] 2024-10-28 08:18:00 - Git Plugin: v4.7.1
[INFO] 2024-10-28 08:18:01 - Maven Integration Plugin: v3.10
[INFO] 2024-10-28 08:18:01 - JUnit Plugin: v1.48
[INFO] 2024-10-28 08:18:02 - Jacoco Plugin: v3.2.0
[INFO] 2024-10-28 08:18:02 - FindBugs Plugin: v5.0.0
[INFO] 2024-10-28 08:18:03 - CheckStyle Plugin: v4.0.0
[INFO] 2024-10-28 08:18:03 - PMD Plugin: v4.0.0
[INFO] 2024-10-28 08:18:04 - Email Extension Plugin: v2.82
[INFO] 2024-10-28 08:18:04 - Build Timestamp: 2024-10-28T08:15:23.456Z
[INFO] 2024-10-28 08:18:05 - Completion Timestamp: 2024-10-28T08:18:05.123Z
[INFO] 2024-10-28 08:18:05 - ========================================
[INFO] 2024-10-28 08:18:05 - End of build log
[INFO] 2024-10-28 08:18:05 - ========================================